{
  "Unit Tests": {
    "coverage": {
      "C:/Users/TB074000/Devcenter/app/models/user.rb": [
        1,
        null,
        1,
        null,
        1,
        1,
        1,
        1,
        1,
        1,
        null,
        null
      ],
      "C:/Users/TB074000/Devcenter/app/models/application_record.rb": [
        1,
        1,
        null
      ],
      "C:/Users/TB074000/Devcenter/app/controllers/application_controller.rb": [
        0,
        0,
        0,
        null,
        null,
        0,
        0,
        0,
        null,
        0,
        0,
        null,
        0,
        null,
        0,
        null,
        0
      ],
      "C:/Users/TB074000/Devcenter/app/controllers/associates_controller.rb": [
        0,
        0,
        null,
        0,
        null,
        0,
        0,
        0,
        null,
        0,
        null,
        0,
        0,
        0,
        0,
        0,
        0,
        0,
        0,
        null,
        0,
        null,
        0,
        0,
        null,
        0,
        null,
        0,
        0,
        0,
        0,
        0,
        0,
        0,
        0,
        null,
        0,
        null,
        0,
        0,
        0,
        0,
        0,
        null,
        0,
        null,
        0,
        0,
        0,
        0,
        0,
        0,
        0,
        0,
        null,
        0,
        null,
        0,
        0,
        0,
        0,
        null,
        0,
        null,
        0,
        0,
        0,
        0,
        null,
        0,
        null,
        0,
        0,
        0
      ],
      "C:/Users/TB074000/Devcenter/app/controllers/role_controller.rb": [
        0,
        null,
        null,
        null,
        null,
        null,
        null,
        null,
        null,
        null,
        null,
        null,
        null,
        0
      ],
      "C:/Users/TB074000/Devcenter/app/helpers/application_helper.rb": [
        0,
        0
      ],
      "C:/Users/TB074000/Devcenter/app/helpers/associates_helper.rb": [
        0,
        null,
        0
      ],
      "C:/Users/TB074000/Devcenter/app/models/associate.rb": [
        0,
        null,
        0,
        0,
        0,
        0,
        0,
        0,
        0,
        0,
        null,
        0,
        0,
        0,
        null,
        0,
        0,
        0,
        0,
        0
      ]
    },
    "timestamp": 1572586122
  },
  "RSpec": {
    "coverage": {
      "C:/Users/TB074000/Devcenter/app/models/user.rb": [
        1,
        null,
        1,
        null,
        1,
        1,
        1,
        1,
        1,
        1,
        null,
        null
      ],
      "C:/Users/TB074000/Devcenter/app/models/application_record.rb": [
        1,
        1,
        null
      ],
      "C:/Users/TB074000/Devcenter/app/controllers/application_controller.rb": [
        0,
        0,
        0,
        null,
        0,
        0,
        0,
        null,
        0,
        0,
        null,
        0,
        null,
        0,
        0,
        0,
        0,
        null,
        0,
        0,
        null,
        0,
        null,
        0,
        null,
        0
      ],
      "C:/Users/TB074000/Devcenter/app/controllers/associates_controller.rb": [
        0,
        0,
        null,
        0,
        null,
        0,
        0,
        0,
        null,
        0,
        null,
        0,
        0,
        0,
        0,
        0,
        0,
        0,
        null,
        0,
        null,
        0,
        0,
        null,
        0,
        null,
        0,
        0,
        0,
        0,
        0,
        0,
        0,
        0,
        null,
        0,
        null,
        0,
        0,
        0,
        0,
        0,
        null,
        0,
        null,
        0,
        0,
        0,
        0,
        0,
        0,
        0,
        0,
        null,
        0,
        null,
        0,
        0,
        0,
        0,
        null,
        0,
        null,
        0,
        0,
        0,
        0,
        null,
        0,
        null,
        0,
        0,
        0
      ],
      "C:/Users/TB074000/Devcenter/app/helpers/application_helper.rb": [
        0,
        0
      ],
      "C:/Users/TB074000/Devcenter/app/helpers/associates_helper.rb": [
        0,
        null,
        0
      ],
      "C:/Users/TB074000/Devcenter/app/models/associate.rb": [
        0,
        null,
        0,
        0,
        0,
        0,
        0,
        0,
        0,
        0,
        null,
        0,
        0,
        0,
        null,
        0,
        0,
        0,
        0,
        0
      ]
    },
    "timestamp": 1572423118
  },
  "Integration Tests": {
    "coverage": {
      "C:/Users/TB074000/Devcenter/app/models/user.rb": [
        1,
        null,
        1,
        null,
        1,
        1,
        1,
        1,
        1,
        1,
        null,
        null
      ],
      "C:/Users/TB074000/Devcenter/app/models/application_record.rb": [
        1,
        1,
        null
      ],
      "C:/Users/TB074000/Devcenter/app/models/associate.rb": [
        1,
        null,
        1,
        1,
        2,
        1,
        1,
        1,
        1,
        1,
        null,
        1,
        1,
        1,
        null,
        1,
        0,
        null,
        null,
        null
      ],
      "C:/Users/TB074000/Devcenter/app/controllers/application_controller.rb": [
        1,
        1,
        1,
        null,
        null,
        1,
        1,
        1,
        null,
        null,
        1,
        null,
        0,
        null,
        null,
        null,
        null
      ],
      "C:/Users/TB074000/Devcenter/app/helpers/application_helper.rb": [
        1,
        null
      ],
      "C:/Users/TB074000/Devcenter/app/helpers/associates_helper.rb": [
        1,
        null,
        null
      ],
      "C:/Users/TB074000/Devcenter/app/controllers/associates_controller.rb": [
        1,
        1,
        null,
        1,
        null,
        0,
        0,
        null,
        null,
        1,
        null,
        0,
        0,
        0,
        0,
        0,
        null,
        null,
        null,
        1,
        null,
        0,
        null,
        null,
        1,
        null,
        0,
        0,
        0,
        0,
        null,
        0,
        null,
        null,
        null,
        1,
        null,
        0,
        0,
        0,
        0,
        null,
        null,
        1,
        null,
        0,
        0,
        0,
        0,
        null,
        0,
        null,
        null,
        null,
        1,
        null,
        0,
        0,
        0,
        null,
        null,
        1,
        null,
        0,
        0,
        0,
        null,
        null,
        1,
        null,
        0,
        null,
        null
      ],
      "C:/Users/TB074000/Devcenter/app/controllers/role_controller.rb": [
        0,
        null,
        null,
        null,
        null,
        null,
        null,
        null,
        null,
        null,
        null,
        null,
        null,
        0
      ]
    },
    "timestamp": 1572503669
  }
}
